#
# There is insufficient memory for the Java Runtime Environment to continue.
# Native memory allocation (malloc) failed to allocate 983696 bytes for Chunk::new
# Possible reasons:
#   The system is out of physical RAM or swap space
#   In 32 bit mode, the process size limit was hit
# Possible solutions:
#   Reduce memory load on the system
#   Increase physical memory or swap space
#   Check if swap backing store is full
#   Use 64 bit Java on a 64 bit OS
#   Decrease Java heap size (-Xmx/-Xms)
#   Decrease number of Java threads
#   Decrease Java thread stack sizes (-Xss)
#   Set larger code cache with -XX:ReservedCodeCacheSize=
# This output file may be truncated or incomplete.
#
#  Out of Memory Error (allocation.cpp:390), pid=31044, tid=0x0000000000013ef8
#
# JRE version: Java(TM) SE Runtime Environment (8.0_101-b13) (build 1.8.0_101-b13)
# Java VM: Java HotSpot(TM) 64-Bit Server VM (25.101-b13 mixed mode windows-amd64 compressed oops)
# Failed to write core dump. Minidumps are not enabled by default on client versions of Windows
#

---------------  T H R E A D  ---------------

Current thread (0x0000000017dee000):  JavaThread "C2 CompilerThread1" daemon [_thread_in_native, id=81656, stack(0x000000001a4c0000,0x000000001a5c0000)]

Stack: [0x000000001a4c0000,0x000000001a5c0000]
[error occurred during error reporting (printing stack bounds), id 0xc0000005]

Native frames: (J=compiled Java code, j=interpreted, Vv=VM code, C=native code)


Current CompileTask:
C2:   5642 1348       4       javax.swing.JComponent::repaint (19 bytes)


---------------  P R O C E S S  ---------------

Java Threads: ( => current thread )
  0x000000001ae29800 JavaThread "TimerQueue" daemon [_thread_blocked, id=18144, stack(0x000000001c330000,0x000000001c430000)]
  0x0000000002d70800 JavaThread "DestroyJavaVM" [_thread_blocked, id=81644, stack(0x0000000002c00000,0x0000000002d00000)]
  0x000000001ab5b800 JavaThread "AWT-EventQueue-0" [_thread_in_Java, id=11492, stack(0x000000001be30000,0x000000001bf30000)]
  0x000000001aaff000 JavaThread "AWT-Windows" daemon [_thread_in_native, id=19432, stack(0x000000001b540000,0x000000001b640000)]
  0x000000001aafc800 JavaThread "AWT-Shutdown" [_thread_blocked, id=17836, stack(0x000000001b440000,0x000000001b540000)]
  0x000000001aafb800 JavaThread "Java2D Disposer" daemon [_thread_blocked, id=57140, stack(0x000000001b260000,0x000000001b360000)]
  0x0000000019dfd800 JavaThread "Service Thread" daemon [_thread_blocked, id=79904, stack(0x000000001a7c0000,0x000000001a8c0000)]
  0x0000000019d5e000 JavaThread "C1 CompilerThread3" daemon [_thread_blocked, id=80564, stack(0x000000001a6c0000,0x000000001a7c0000)]
  0x0000000019d4a000 JavaThread "C2 CompilerThread2" daemon [_thread_in_native, id=81652, stack(0x000000001a5c0000,0x000000001a6c0000)]
=>0x0000000017dee000 JavaThread "C2 CompilerThread1" daemon [_thread_in_native, id=81656, stack(0x000000001a4c0000,0x000000001a5c0000)]
  0x0000000017dec000 JavaThread "C2 CompilerThread0" daemon [_thread_in_native, id=81688, stack(0x000000001a3c0000,0x000000001a4c0000)]
  0x0000000017dea000 JavaThread "Attach Listener" daemon [_thread_blocked, id=80900, stack(0x000000001a2c0000,0x000000001a3c0000)]
  0x0000000019d48800 JavaThread "Signal Dispatcher" daemon [_thread_blocked, id=4308, stack(0x000000001a1c0000,0x000000001a2c0000)]
  0x0000000002e6e800 JavaThread "Finalizer" daemon [_thread_blocked, id=16036, stack(0x000000001a0c0000,0x000000001a1c0000)]
  0x0000000017ddd000 JavaThread "Reference Handler" daemon [_thread_blocked, id=9472, stack(0x0000000019bc0000,0x0000000019cc0000)]

Other Threads:
  0x0000000017dd9800 VMThread [stack: 0x0000000019ac0000,0x0000000019bc0000] [id=10588]
  0x0000000019d78000 WatcherThread [stack: 0x000000001a8c0000,0x000000001a9c0000] [id=12844]

VM state:not at safepoint (normal execution)

VM Mutex/Monitor currently owned by a thread: None

Heap:
 PSYoungGen      total 71680K, used 18089K [0x00000000d5f80000, 0x00000000df280000, 0x0000000100000000)
  eden space 66560K, 21% used [0x00000000d5f80000,0x00000000d6d895b0,0x00000000da080000)
  from space 5120K, 72% used [0x00000000da080000,0x00000000da420ea8,0x00000000da580000)
  to   space 8704K, 0% used [0x00000000dea00000,0x00000000dea00000,0x00000000df280000)
 ParOldGen       total 87552K, used 11151K [0x0000000081e00000, 0x0000000087380000, 0x00000000d5f80000)
  object space 87552K, 12% used [0x0000000081e00000,0x00000000828e3ff0,0x0000000087380000)
 Metaspace       used 12229K, capacity 12474K, committed 12672K, reserved 1060864K
  class space    used 1538K, capacity 1611K, committed 1664K, reserved 1048576K

Card table byte_map: [0x0000000012230000,0x0000000012630000] byte_map_base: 0x0000000011e21000

Marking Bits: (ParMarkBitMap*) 0x00000000577ba6d0
 Begin Bits: [0x00000000130e0000, 0x0000000015068000)
 End Bits:   [0x0000000015068000, 0x0000000016ff0000)

Polling page: 0x0000000000ca0000

CodeCache: size=245760Kb used=5202Kb max_used=5202Kb free=240557Kb
 bounds [0x0000000002e70000, 0x0000000003390000, 0x0000000011e70000]
 total_blobs=1889 nmethods=1403 adapters=397
 compilation: enabled

Compilation events (10 events):
Event: 5.611 Thread 0x0000000019d5e000 1414       1       java.awt.Container::isFocusTraversalPolicyProvider (5 bytes)
Event: 5.611 Thread 0x0000000019d5e000 nmethod 1414 0x000000000335a2d0 code [0x000000000335a420, 0x000000000335a530]
Event: 5.611 Thread 0x0000000019d5e000 1419       1       javax.swing.AbstractButton::getModel (5 bytes)
Event: 5.611 Thread 0x0000000019d5e000 nmethod 1419 0x00000000033650d0 code [0x0000000003365220, 0x0000000003365330]
Event: 5.612 Thread 0x0000000019d5e000 1420       2       sun.util.locale.ParseStatus::isError (13 bytes)
Event: 5.612 Thread 0x0000000019d5e000 nmethod 1420 0x00000000033637d0 code [0x0000000003363920, 0x0000000003363a90]
Event: 5.612 Thread 0x0000000019d5e000 1421       1       sun.util.locale.StringTokenIterator::currentEnd (5 bytes)
Event: 5.612 Thread 0x0000000019d5e000 nmethod 1421 0x000000000335e310 code [0x000000000335e460, 0x000000000335e570]
Event: 5.631 Thread 0x0000000019d5e000 1422       2       javax.swing.JComponent::revalidate (53 bytes)
Event: 5.632 Thread 0x0000000019d5e000 nmethod 1422 0x0000000003386e10 code [0x0000000003387060, 0x0000000003387858]

GC Heap History (10 events):
Event: 5.001 GC heap before
{Heap before GC invocations=1 (full 0):
 PSYoungGen      total 38400K, used 33280K [0x00000000d5f80000, 0x00000000d8a00000, 0x0000000100000000)
  eden space 33280K, 100% used [0x00000000d5f80000,0x00000000d8000000,0x00000000d8000000)
  from space 5120K, 0% used [0x00000000d8500000,0x00000000d8500000,0x00000000d8a00000)
  to   space 5120K, 0% used [0x00000000d8000000,0x00000000d8000000,0x00000000d8500000)
 ParOldGen       total 87552K, used 0K [0x0000000081e00000, 0x0000000087380000, 0x00000000d5f80000)
  object space 87552K, 0% used [0x0000000081e00000,0x0000000081e00000,0x0000000087380000)
 Metaspace       used 11267K, capacity 11474K, committed 11776K, reserved 1058816K
  class space    used 1362K, capacity 1451K, committed 1536K, reserved 1048576K
Event: 5.006 GC heap after
Heap after GC invocations=1 (full 0):
 PSYoungGen      total 38400K, used 5119K [0x00000000d5f80000, 0x00000000d8a00000, 0x0000000100000000)
  eden space 33280K, 0% used [0x00000000d5f80000,0x00000000d5f80000,0x00000000d8000000)
  from space 5120K, 99% used [0x00000000d8000000,0x00000000d84ffd50,0x00000000d8500000)
  to   space 5120K, 0% used [0x00000000d8500000,0x00000000d8500000,0x00000000d8a00000)
 ParOldGen       total 87552K, used 2337K [0x0000000081e00000, 0x0000000087380000, 0x00000000d5f80000)
  object space 87552K, 2% used [0x0000000081e00000,0x00000000820486e8,0x0000000087380000)
 Metaspace       used 11267K, capacity 11474K, committed 11776K, reserved 1058816K
  class space    used 1362K, capacity 1451K, committed 1536K, reserved 1048576K
}
Event: 5.141 GC heap before
{Heap before GC invocations=2 (full 0):
 PSYoungGen      total 38400K, used 38399K [0x00000000d5f80000, 0x00000000d8a00000, 0x0000000100000000)
  eden space 33280K, 100% used [0x00000000d5f80000,0x00000000d8000000,0x00000000d8000000)
  from space 5120K, 99% used [0x00000000d8000000,0x00000000d84ffd50,0x00000000d8500000)
  to   space 5120K, 0% used [0x00000000d8500000,0x00000000d8500000,0x00000000d8a00000)
 ParOldGen       total 87552K, used 2337K [0x0000000081e00000, 0x0000000087380000, 0x00000000d5f80000)
  object space 87552K, 2% used [0x0000000081e00000,0x00000000820486e8,0x0000000087380000)
 Metaspace       used 11342K, capacity 11610K, committed 11776K, reserved 1058816K
  class space    used 1362K, capacity 1451K, committed 1536K, reserved 1048576K
Event: 5.144 GC heap after
Heap after GC invocations=2 (full 0):
 PSYoungGen      total 38400K, used 5103K [0x00000000d5f80000, 0x00000000daa80000, 0x0000000100000000)
  eden space 33280K, 0% used [0x00000000d5f80000,0x00000000d5f80000,0x00000000d8000000)
  from space 5120K, 99% used [0x00000000d8500000,0x00000000d89fbd60,0x00000000d8a00000)
  to   space 5120K, 0% used [0x00000000d8000000,0x00000000d8000000,0x00000000d8500000)
 ParOldGen       total 87552K, used 4169K [0x0000000081e00000, 0x0000000087380000, 0x00000000d5f80000)
  object space 87552K, 4% used [0x0000000081e00000,0x0000000082212590,0x0000000087380000)
 Metaspace       used 11342K, capacity 11610K, committed 11776K, reserved 1058816K
  class space    used 1362K, capacity 1451K, committed 1536K, reserved 1048576K
}
Event: 5.247 GC heap before
{Heap before GC invocations=3 (full 0):
 PSYoungGen      total 38400K, used 38383K [0x00000000d5f80000, 0x00000000daa80000, 0x0000000100000000)
  eden space 33280K, 100% used [0x00000000d5f80000,0x00000000d8000000,0x00000000d8000000)
  from space 5120K, 99% used [0x00000000d8500000,0x00000000d89fbd60,0x00000000d8a00000)
  to   space 5120K, 0% used [0x00000000d8000000,0x00000000d8000000,0x00000000d8500000)
 ParOldGen       total 87552K, used 4169K [0x0000000081e00000, 0x0000000087380000, 0x00000000d5f80000)
  object space 87552K, 4% used [0x0000000081e00000,0x0000000082212590,0x0000000087380000)
 Metaspace       used 11386K, capacity 11610K, committed 11776K, reserved 1058816K
  class space    used 1362K, capacity 1451K, committed 1536K, reserved 1048576K
Event: 5.249 GC heap after
Heap after GC invocations=3 (full 0):
 PSYoungGen      total 38400K, used 3539K [0x00000000d5f80000, 0x00000000daa80000, 0x0000000100000000)
  eden space 33280K, 0% used [0x00000000d5f80000,0x00000000d5f80000,0x00000000d8000000)
  from space 5120K, 69% used [0x00000000d8000000,0x00000000d8374eb8,0x00000000d8500000)
  to   space 5120K, 0% used [0x00000000da580000,0x00000000da580000,0x00000000daa80000)
 ParOldGen       total 87552K, used 4177K [0x0000000081e00000, 0x0000000087380000, 0x00000000d5f80000)
  object space 87552K, 4% used [0x0000000081e00000,0x0000000082214590,0x0000000087380000)
 Metaspace       used 11386K, capacity 11610K, committed 11776K, reserved 1058816K
  class space    used 1362K, capacity 1451K, committed 1536K, reserved 1048576K
}
Event: 5.332 GC heap before
{Heap before GC invocations=4 (full 0):
 PSYoungGen      total 38400K, used 36819K [0x00000000d5f80000, 0x00000000daa80000, 0x0000000100000000)
  eden space 33280K, 100% used [0x00000000d5f80000,0x00000000d8000000,0x00000000d8000000)
  from space 5120K, 69% used [0x00000000d8000000,0x00000000d8374eb8,0x00000000d8500000)
  to   space 5120K, 0% used [0x00000000da580000,0x00000000da580000,0x00000000daa80000)
 ParOldGen       total 87552K, used 4177K [0x0000000081e00000, 0x0000000087380000, 0x00000000d5f80000)
  object space 87552K, 4% used [0x0000000081e00000,0x0000000082214590,0x0000000087380000)
 Metaspace       used 11401K, capacity 11610K, committed 11776K, reserved 1058816K
  class space    used 1362K, capacity 1451K, committed 1536K, reserved 1048576K
Event: 5.335 GC heap after
Heap after GC invocations=4 (full 0):
 PSYoungGen      total 71680K, used 3539K [0x00000000d5f80000, 0x00000000daa80000, 0x0000000100000000)
  eden space 66560K, 0% used [0x00000000d5f80000,0x00000000d5f80000,0x00000000da080000)
  from space 5120K, 69% used [0x00000000da580000,0x00000000da8f4eb8,0x00000000daa80000)
  to   space 5120K, 0% used [0x00000000da080000,0x00000000da080000,0x00000000da580000)
 ParOldGen       total 87552K, used 7664K [0x0000000081e00000, 0x0000000087380000, 0x00000000d5f80000)
  object space 87552K, 8% used [0x0000000081e00000,0x000000008257c2c0,0x0000000087380000)
 Metaspace       used 11401K, capacity 11610K, committed 11776K, reserved 1058816K
  class space    used 1362K, capacity 1451K, committed 1536K, reserved 1048576K
}
Event: 5.508 GC heap before
{Heap before GC invocations=5 (full 0):
 PSYoungGen      total 71680K, used 70099K [0x00000000d5f80000, 0x00000000daa80000, 0x0000000100000000)
  eden space 66560K, 100% used [0x00000000d5f80000,0x00000000da080000,0x00000000da080000)
  from space 5120K, 69% used [0x00000000da580000,0x00000000da8f4eb8,0x00000000daa80000)
  to   space 5120K, 0% used [0x00000000da080000,0x00000000da080000,0x00000000da580000)
 ParOldGen       total 87552K, used 7664K [0x0000000081e00000, 0x0000000087380000, 0x00000000d5f80000)
  object space 87552K, 8% used [0x0000000081e00000,0x000000008257c2c0,0x0000000087380000)
 Metaspace       used 11427K, capacity 11674K, committed 12032K, reserved 1060864K
  class space    used 1362K, capacity 1451K, committed 1536K, reserved 1048576K
Event: 5.513 GC heap after
Heap after GC invocations=5 (full 0):
 PSYoungGen      total 71680K, used 3715K [0x00000000d5f80000, 0x00000000df280000, 0x0000000100000000)
  eden space 66560K, 0% used [0x00000000d5f80000,0x00000000d5f80000,0x00000000da080000)
  from space 5120K, 72% used [0x00000000da080000,0x00000000da420ea8,0x00000000da580000)
  to   space 8704K, 0% used [0x00000000dea00000,0x00000000dea00000,0x00000000df280000)
 ParOldGen       total 87552K, used 11151K [0x0000000081e00000, 0x0000000087380000, 0x00000000d5f80000)
  object space 87552K, 12% used [0x0000000081e00000,0x00000000828e3ff0,0x0000000087380000)
 Metaspace       used 11427K, capacity 11674K, committed 12032K, reserved 1060864K
  class space    used 1362K, capacity 1451K, committed 1536K, reserved 1048576K
}

Deoptimization events (10 events):
Event: 5.583 Thread 0x000000001ab5b800 Uncommon trap: reason=unstable_if action=reinterpret pc=0x00000000031decd8 method=sun.java2d.pipe.Region.isInsideXYXY(IIII)Z @ 13
Event: 5.583 Thread 0x000000001ab5b800 Uncommon trap: reason=unstable_if action=reinterpret pc=0x0000000003248ac4 method=sun.font.FontDesignMetrics.stringWidth(Ljava/lang/String;)I @ 85
Event: 5.584 Thread 0x000000001ab5b800 Uncommon trap: reason=unstable_if action=reinterpret pc=0x0000000003246a08 method=sun.font.CompositeGlyphMapper.charsToGlyphsNS(I[C[I)Z @ 121
Event: 5.584 Thread 0x000000001ab5b800 Uncommon trap: reason=unstable_if action=reinterpret pc=0x00000000032de00c method=javax.swing.JComponent.getInsets(Ljava/awt/Insets;)Ljava/awt/Insets; @ 20
Event: 5.584 Thread 0x000000001ab5b800 Uncommon trap: reason=unstable_if action=reinterpret pc=0x000000000327da04 method=sun.font.GlyphList.ensureCapacity(I)V @ 49
Event: 5.584 Thread 0x000000001ab5b800 Uncommon trap: reason=class_check action=maybe_recompile pc=0x0000000003262ff4 method=javax.swing.JComponent.paintBorder(Ljava/awt/Graphics;)V @ 22
Event: 5.584 Thread 0x000000001ab5b800 Uncommon trap: reason=unstable_if action=reinterpret pc=0x000000000322c5e4 method=javax.swing.JComponent.fetchRectangle()Ljava/awt/Rectangle; @ 16
Event: 5.597 Thread 0x000000001ab5b800 Uncommon trap: reason=unstable_if action=reinterpret pc=0x000000000335a704 method=java.awt.Component.isValid()Z @ 11
Event: 5.598 Thread 0x000000001ab5b800 Uncommon trap: reason=unstable_if action=reinterpret pc=0x000000000334f18c method=sun.awt.SunToolkit.isInstanceOf(Ljava/lang/Class;Ljava/lang/String;)Z @ 14
Event: 5.622 Thread 0x000000001ab5b800 Uncommon trap: reason=class_check action=maybe_recompile pc=0x0000000003262ff4 method=javax.swing.JComponent.paintBorder(Ljava/awt/Graphics;)V @ 22

Internal exceptions (10 events):
Event: 0.098 Thread 0x0000000002d70800 Exception <a 'java/security/PrivilegedActionException'> (0x00000000d60ed120) thrown at [C:\re\workspace\8-2-build-windows-amd64-cygwin\jdk8u101\7261\hotspot\src\share\vm\prims\jvm.cpp, line 1386]
Event: 0.098 Thread 0x0000000002d70800 Exception <a 'java/security/PrivilegedActionException'> (0x00000000d60ed330) thrown at [C:\re\workspace\8-2-build-windows-amd64-cygwin\jdk8u101\7261\hotspot\src\share\vm\prims\jvm.cpp, line 1386]
Event: 0.099 Thread 0x0000000002d70800 Exception <a 'java/security/PrivilegedActionException'> (0x00000000d60ef1f8) thrown at [C:\re\workspace\8-2-build-windows-amd64-cygwin\jdk8u101\7261\hotspot\src\share\vm\prims\jvm.cpp, line 1386]
Event: 0.099 Thread 0x0000000002d70800 Exception <a 'java/security/PrivilegedActionException'> (0x00000000d60ef408) thrown at [C:\re\workspace\8-2-build-windows-amd64-cygwin\jdk8u101\7261\hotspot\src\share\vm\prims\jvm.cpp, line 1386]
Event: 0.105 Thread 0x0000000002d70800 Exception <a 'java/io/FileNotFoundException'> (0x00000000d60f8700) thrown at [C:\re\workspace\8-2-build-windows-amd64-cygwin\jdk8u101\7261\hotspot\src\share\vm\prims\jni.cpp, line 709]
Event: 0.136 Thread 0x0000000002d70800 Exception <a 'java/lang/NoSuchFieldError': method resolution failed> (0x00000000d61c5bb8) thrown at [C:\re\workspace\8-2-build-windows-amd64-cygwin\jdk8u101\7261\hotspot\src\share\vm\prims\methodHandles.cpp, line 1146]
Event: 0.138 Thread 0x0000000002d70800 Exception <a 'java/lang/NoSuchFieldError': method resolution failed> (0x00000000d61d2f88) thrown at [C:\re\workspace\8-2-build-windows-amd64-cygwin\jdk8u101\7261\hotspot\src\share\vm\prims\methodHandles.cpp, line 1146]
Event: 0.172 Thread 0x0000000002d70800 Exception <a 'java/io/FileNotFoundException'> (0x00000000d62697f0) thrown at [C:\re\workspace\8-2-build-windows-amd64-cygwin\jdk8u101\7261\hotspot\src\share\vm\prims\jni.cpp, line 709]
Event: 0.237 Thread 0x0000000002d70800 Exception <a 'java/io/FileNotFoundException'> (0x00000000d63d5280) thrown at [C:\re\workspace\8-2-build-windows-amd64-cygwin\jdk8u101\7261\hotspot\src\share\vm\prims\jni.cpp, line 709]
Event: 0.237 Thread 0x0000000002d70800 Exception <a 'java/lang/NullPointerException'> (0x00000000d63d58b8) thrown at [C:\re\workspace\8-2-build-windows-amd64-cygwin\jdk8u101\7261\hotspot\src\share\vm\interpreter\linkResolver.cpp, line 1178]

Events (10 events):
Event: 5.597 loading class javax/swing/event/AncestorEvent done
Event: 5.597 Thread 0x000000001ab5b800 Uncommon trap: trap_request=0xffffff65 fr.pc=0x000000000335a704
Event: 5.597 Thread 0x000000001ab5b800 DEOPT PACKING pc=0x000000000335a704 sp=0x000000001bf2a430
Event: 5.598 Thread 0x000000001ab5b800 DEOPT UNPACKING pc=0x0000000002eb582a sp=0x000000001bf2a3c8 mode 2
Event: 5.598 Thread 0x000000001ab5b800 Uncommon trap: trap_request=0xffffff65 fr.pc=0x000000000334f18c
Event: 5.598 Thread 0x000000001ab5b800 DEOPT PACKING pc=0x000000000334f18c sp=0x000000001bf28480
Event: 5.598 Thread 0x000000001ab5b800 DEOPT UNPACKING pc=0x0000000002eb582a sp=0x000000001bf28448 mode 2
Event: 5.622 Thread 0x000000001ab5b800 Uncommon trap: trap_request=0xffffffde fr.pc=0x0000000003262ff4
Event: 5.622 Thread 0x000000001ab5b800 DEOPT PACKING pc=0x0000000003262ff4 sp=0x000000001bf296d0
Event: 5.622 Thread 0x000000001ab5b800 DEOPT UNPACKING pc=0x0000000002eb582a sp=0x000000001bf29640 mode 2


Dynamic libraries:
0x00007ff782610000 - 0x00007ff782647000 	D:\jdk\bin\javaw.exe
0x00007ffb298d0000 - 0x00007ffb29aa1000 	C:\WINDOWS\SYSTEM32\ntdll.dll
0x00007ffb29050000 - 0x00007ffb290fb000 	C:\WINDOWS\System32\KERNEL32.DLL
0x00007ffb26790000 - 0x00007ffb269ad000 	C:\WINDOWS\System32\KERNELBASE.dll
0x00007ffb28a00000 - 0x00007ffb28aa2000 	C:\WINDOWS\System32\ADVAPI32.dll
0x00007ffb29830000 - 0x00007ffb298ce000 	C:\WINDOWS\System32\msvcrt.dll
0x00007ffb28840000 - 0x00007ffb28899000 	C:\WINDOWS\System32\sechost.dll
0x00007ffb29100000 - 0x00007ffb29221000 	C:\WINDOWS\System32\RPCRT4.dll
0x00007ffb296c0000 - 0x00007ffb29825000 	C:\WINDOWS\System32\USER32.dll
0x00007ffb26a50000 - 0x00007ffb26a6e000 	C:\WINDOWS\System32\win32u.dll
0x00007ffb272f0000 - 0x00007ffb27324000 	C:\WINDOWS\System32\GDI32.dll
0x00007ffb26cd0000 - 0x00007ffb26e52000 	C:\WINDOWS\System32\gdi32full.dll
0x00007ffb212b0000 - 0x00007ffb21529000 	C:\WINDOWS\WinSxS\amd64_microsoft.windows.common-controls_6595b64144ccf1df_6.0.14393.447_none_42191651c6827bb3\COMCTL32.dll
0x00007ffb28b20000 - 0x00007ffb28de8000 	C:\WINDOWS\System32\combase.dll
0x00007ffb26ac0000 - 0x00007ffb26bb5000 	C:\WINDOWS\System32\ucrtbase.dll
0x00007ffb26720000 - 0x00007ffb2678a000 	C:\WINDOWS\System32\bcryptPrimitives.dll
0x00007ffb27080000 - 0x00007ffb270ae000 	C:\WINDOWS\System32\IMM32.DLL
0x0000000056ec0000 - 0x0000000056f92000 	D:\jdk\jre\bin\msvcr100.dll
0x0000000056fa0000 - 0x000000005783a000 	D:\jdk\jre\bin\server\jvm.dll
0x00007ffb28fd0000 - 0x00007ffb28fd8000 	C:\WINDOWS\System32\PSAPI.DLL
0x00007ffb23cd0000 - 0x00007ffb23cf3000 	C:\WINDOWS\SYSTEM32\WINMM.dll
0x00007ffb22660000 - 0x00007ffb22669000 	C:\WINDOWS\SYSTEM32\WSOCK32.dll
0x00007ffb24af0000 - 0x00007ffb24afa000 	C:\WINDOWS\SYSTEM32\VERSION.dll
0x00007ffb28df0000 - 0x00007ffb28e5a000 	C:\WINDOWS\System32\WS2_32.dll
0x00007ffb23ca0000 - 0x00007ffb23ccb000 	C:\WINDOWS\SYSTEM32\WINMMBASE.dll
0x00007ffb26a70000 - 0x00007ffb26ab2000 	C:\WINDOWS\System32\cfgmgr32.dll
0x0000000057e70000 - 0x0000000057e7f000 	D:\jdk\jre\bin\verify.dll
0x0000000057e40000 - 0x0000000057e69000 	D:\jdk\jre\bin\java.dll
0x0000000057e20000 - 0x0000000057e36000 	D:\jdk\jre\bin\zip.dll
0x00007ffb27330000 - 0x00007ffb28839000 	C:\WINDOWS\System32\SHELL32.dll
0x00007ffb25dc0000 - 0x00007ffb2649a000 	C:\WINDOWS\System32\windows.storage.dll
0x00007ffb25d50000 - 0x00007ffb25d9c000 	C:\WINDOWS\System32\powrprof.dll
0x00007ffb28fe0000 - 0x00007ffb29032000 	C:\WINDOWS\System32\shlwapi.dll
0x00007ffb25d40000 - 0x00007ffb25d4f000 	C:\WINDOWS\System32\kernel.appcore.dll
0x00007ffb264a0000 - 0x00007ffb26549000 	C:\WINDOWS\System32\shcore.dll
0x00007ffb25da0000 - 0x00007ffb25db4000 	C:\WINDOWS\System32\profapi.dll
0x0000000056d20000 - 0x0000000056eb8000 	D:\jdk\jre\bin\awt.dll
0x00007ffb26e60000 - 0x00007ffb26f1f000 	C:\WINDOWS\System32\OLEAUT32.dll
0x00007ffb269b0000 - 0x00007ffb26a4c000 	C:\WINDOWS\System32\msvcp_win.dll
0x00007ffb242a0000 - 0x00007ffb2431a000 	C:\WINDOWS\SYSTEM32\apphelp.dll
0x00007ffb23860000 - 0x00007ffb23886000 	C:\WINDOWS\system32\DWMAPI.DLL
0x00007ffb24440000 - 0x00007ffb244d5000 	C:\WINDOWS\system32\uxtheme.dll
0x00007ffb288a0000 - 0x00007ffb289fb000 	C:\WINDOWS\System32\MSCTF.dll
0x00007ffb26f20000 - 0x00007ffb27057000 	C:\WINDOWS\System32\ole32.dll
0x0000000057d50000 - 0x0000000057d97000 	D:\jdk\jre\bin\fontmanager.dll
0x0000000057e00000 - 0x0000000057e1a000 	D:\jdk\jre\bin\net.dll
0x00007ffb25660000 - 0x00007ffb256bc000 	C:\WINDOWS\system32\mswsock.dll
0x0000000057de0000 - 0x0000000057df1000 	D:\jdk\jre\bin\nio.dll
0x0000000057d00000 - 0x0000000057d42000 	D:\jdk\jre\bin\t2k.dll
0x00007ffb270b0000 - 0x00007ffb2714f000 	C:\WINDOWS\System32\clbcatq.dll
0x00007ffb22ff0000 - 0x00007ffb23198000 	C:\WINDOWS\SYSTEM32\WindowsCodecs.dll
0x00007ffb18030000 - 0x00007ffb18079000 	C:\WINDOWS\system32\dataexchange.dll
0x00007ffb21620000 - 0x00007ffb218d6000 	C:\WINDOWS\system32\d3d11.dll
0x00007ffb23d30000 - 0x00007ffb23e81000 	C:\WINDOWS\system32\dcomp.dll
0x00007ffb24cc0000 - 0x00007ffb24d5f000 	C:\WINDOWS\system32\dxgi.dll
0x00007ffb246b0000 - 0x00007ffb247cc000 	C:\WINDOWS\system32\twinapi.appcore.dll
0x00007ffb25910000 - 0x00007ffb2593b000 	C:\WINDOWS\system32\bcrypt.dll
0x0000000058960000 - 0x000000005898a000 	D:\jdk\jre\bin\dcpr.dll

VM Arguments:
jvm_args: -Dfile.encoding=GBK 
java_command: courseSheet.CourseSheet
java_class_path (initial): D:\javaÂÒ¸ã\coursesSheet\bin
Launcher Type: SUN_STANDARD

Environment Variables:
JAVA_HOME=D:\jdk
CLASSPATH=.:D:\jdk\lib
PATH=D:/jdk/bin/../jre/bin/server;D:/jdk/bin/../jre/bin;D:/jdk/bin/../jre/lib/amd64;C:\ProgramData\Oracle\Java\javapath;C:\Program Files (x86)\Intel\iCLS Client\;C:\Program Files\Intel\iCLS Client\;C:\Windows\system32;C:\Windows;C:\Windows\System32\Wbem;C:\Windows\System32\WindowsPowerShell\v1.0\;C:\Program Files (x86)\NVIDIA Corporation\PhysX\Common;C:\Program Files (x86)\Intel\Intel(R) Management Engine Components\DAL;C:\Program Files\Intel\Intel(R) Management Engine Components\DAL;C:\Program Files (x86)\Intel\Intel(R) Management Engine Components\IPT;C:\Program Files\Intel\Intel(R) Management Engine Components\IPT;C:\Program Files\Intel\WiFi\bin\;C:\Program Files\Common Files\Intel\WirelessCommon\;D:\QuickTime\QTSystem\;C:\WINDOWS\system32;C:\WINDOWS;C:\WINDOWS\System32\Wbem;D:\MinGW\bin;C:\WINDOWS\system32\config\systemprofile\.dnx\bin;C:\Program Files\Microsoft DNX\Dnvm\;C:\Program Files (x86)\Windows Kits\8.1\Windows Performance Toolkit\;D:\jdk\bin;D:\VC\Tools\WinNT;D:\VC\MSDev98\Bin;D:\VC\Tools;D:\VC98\bin;C:\Users\DELL\AppData\Local\Microsoft\WindowsApps;D:\jdk\bin;C:\Users\DELL\Desktop;
USERNAME=DELL
OS=Windows_NT
PROCESSOR_IDENTIFIER=Intel64 Family 6 Model 94 Stepping 3, GenuineIntel



---------------  S Y S T E M  ---------------

OS: Windows 10.0 , 64 bit Build 14393 (10.0.14393.0)

CPU:total 8 (4 cores per cpu, 2 threads per core) family 6 model 94 stepping 3, cmov, cx8, fxsr, mmx, sse, sse2, sse3, ssse3, sse4.1, sse4.2, popcnt, avx, avx2, aes, clmul, erms, rtm, 3dnowpref, lzcnt, ht, tsc, tscinvbit, bmi1, bmi2, adx

Memory: 4k page, physical 8258516k(2176956k free), swap 21337424k(5472k free)

vm_info: Java HotSpot(TM) 64-Bit Server VM (25.101-b13) for windows-amd64 JRE (1.8.0_101-b13), built on Jun 22 2016 01:21:29 by "java_re" with MS VC++ 10.0 (VS2010)

time: Mon Feb 27 20:53:52 2017
elapsed time: 5 seconds (0d 0h 0m 5s)

